<?xml version="1.0" encoding="utf-8"?><testsuites><testsuite name="pytest" errors="0" failures="0" skipped="0" tests="38" time="258.668" timestamp="2024-03-12T10:58:25.164199" hostname="biobb-runners"><testcase classname="biobb_ml.test.unitests.test_classification.test_classification_predict.TestClassificationPredict" name="test_classification_predict" time="0.156" /><testcase classname="biobb_ml.test.unitests.test_classification.test_decision_tree.TestDecisionTree" name="test_decision_tree" time="1.521" /><testcase classname="biobb_ml.test.unitests.test_classification.test_k_neighbors.TestKNeighborsTrain" name="test_k_neighbors" time="1.592" /><testcase classname="biobb_ml.test.unitests.test_classification.test_k_neighbors_coefficient.TestKNeighborsCoefficient" name="test_k_neighbors_coefficient" time="1.642" /><testcase classname="biobb_ml.test.unitests.test_classification.test_logistic_regression.TestLogisticRegression" name="test_logistic_regression" time="1.455" /><testcase classname="biobb_ml.test.unitests.test_classification.test_random_forest_classifier.TestRandomForestClassifier" name="test_random_forest_classifier" time="0.872" /><testcase classname="biobb_ml.test.unitests.test_classification.test_support_vector_machine.TestSupportVectorMachine" name="test_support_vector_machine" time="121.067" /><testcase classname="biobb_ml.test.unitests.test_clustering.test_agglomerative_clustering.TestAgglClustering" name="test_agglomerative_clustering" time="0.978" /><testcase classname="biobb_ml.test.unitests.test_clustering.test_agglomerative_coefficient.TestAgglomerativeCoefficient" name="test_agglomerative_coefficient" time="0.324" /><testcase classname="biobb_ml.test.unitests.test_clustering.test_clustering_predict.TestClusteringPredict" name="test_clustering_predict" time="0.294" /><testcase classname="biobb_ml.test.unitests.test_clustering.test_dbscan.TestDBSCANClustering" name="test_dbscan" time="1.098" /><testcase classname="biobb_ml.test.unitests.test_clustering.test_k_means.TestKMeansClustering" name="test_k_means" time="0.972" /><testcase classname="biobb_ml.test.unitests.test_clustering.test_k_means_coefficient.TestKMeansCoefficient" name="test_k_means_coefficient" time="2.825" /><testcase classname="biobb_ml.test.unitests.test_clustering.test_spectral_clustering.TestSpecClustering" name="test_spectral_clustering" time="1.032" /><testcase classname="biobb_ml.test.unitests.test_clustering.test_spectral_coefficient.TestSpectralCoefficient" name="test_spectral_coefficient" time="0.609" /><testcase classname="biobb_ml.test.unitests.test_dimensionality_reduction.test_pls_components.TestPLSComponents" name="test_pls_components" time="2.591" /><testcase classname="biobb_ml.test.unitests.test_dimensionality_reduction.test_pls_regression.TestPLS_Regression" name="test_pls_regression" time="1.195" /><testcase classname="biobb_ml.test.unitests.test_dimensionality_reduction.test_principal_component.TestPrincipalComponentAnalysis" name="test_principal_component" time="0.403" /><testcase classname="biobb_ml.test.unitests.test_neural_networks.test_autoencoder_neural_network.TestAutoencoderNeuralNetwork" name="test_autoencoder_neural_network" time="52.537" /><testcase classname="biobb_ml.test.unitests.test_neural_networks.test_classification_neural_network.TestClassificationNeuralNetwork" name="test_classification_neural_network" time="3.309" /><testcase classname="biobb_ml.test.unitests.test_neural_networks.test_neural_network_decode.TestDecodingNeuralNetwork" name="test_neural_network_decode" time="0.650" /><testcase classname="biobb_ml.test.unitests.test_neural_networks.test_neural_network_predict.TestPredictNeuralNetwork" name="test_neural_network_predict" time="0.239" /><testcase classname="biobb_ml.test.unitests.test_neural_networks.test_recurrent_neural_network.TestRecurrentNeuralNetwork" name="test_recurrent_neural_network" time="2.628" /><testcase classname="biobb_ml.test.unitests.test_neural_networks.test_regression_neural_network.TestRegressionNeuralNetwork" name="test_regression_neural_network" time="2.017" /><testcase classname="biobb_ml.test.unitests.test_regression.test_linear_regression.TestLinearRegression" name="test_linear_regression" time="1.069" /><testcase classname="biobb_ml.test.unitests.test_regression.test_polynomial_regression.TestPolynomialRegression" name="test_polynomial_regression" time="0.802" /><testcase classname="biobb_ml.test.unitests.test_regression.test_random_forest_regressor.TestRandomForestRegressor" name="test_random_forest_regressor" time="0.767" /><testcase classname="biobb_ml.test.unitests.test_regression.test_regression_predict.TestRegressionPredict" name="test_regression_predict" time="0.140" /><testcase classname="biobb_ml.test.unitests.test_resampling.test_oversampling.TestOversampling" name="test_oversampling" time="16.552" /><testcase classname="biobb_ml.test.unitests.test_resampling.test_resampling.TestResampling" name="test_resampling" time="15.002" /><testcase classname="biobb_ml.test.unitests.test_resampling.test_undersampling.TestUndersampling" name="test_undersampling" time="13.380" /><testcase classname="biobb_ml.test.unitests.test_utils.test_correlation_matrix.TestCorrelationMatrix" name="test_correlation_matrix" time="0.391" /><testcase classname="biobb_ml.test.unitests.test_utils.test_dendrogram.TestDendrogram" name="test_dendrogram" time="0.626" /><testcase classname="biobb_ml.test.unitests.test_utils.test_drop_columns.TestDropColumns" name="test_drop_columns" time="0.602" /><testcase classname="biobb_ml.test.unitests.test_utils.test_dummy_variables.TestDummyVariables" name="test_dummy_variables" time="0.133" /><testcase classname="biobb_ml.test.unitests.test_utils.test_map_variables.TestMapVariables" name="test_map_variables" time="0.133" /><testcase classname="biobb_ml.test.unitests.test_utils.test_pairwise_comparison.TestPairwiseComparison" name="test_pairwise_comparison" time="1.904" /><testcase classname="biobb_ml.test.unitests.test_utils.test_scale_columns.TestScaleColumns" name="test_scale_columns" time="0.313" /></testsuite></testsuites>