<?xml version="1.0" encoding="utf-8"?><testsuites><testsuite errors="0" failures="0" hostname="biobb-runners" name="pytest" skipped="0" tests="38" time="88.480" timestamp="2023-04-24T13:40:01.090361"><testcase classname="biobb_ml.test.unitests.test_classification.test_classification_predict.TestClassificationPredict" name="test_classification_predict" time="0.135" /><testcase classname="biobb_ml.test.unitests.test_classification.test_decision_tree.TestDecisionTree" name="test_decision_tree" time="1.553" /><testcase classname="biobb_ml.test.unitests.test_classification.test_k_neighbors.TestKNeighborsTrain" name="test_k_neighbors" time="1.345" /><testcase classname="biobb_ml.test.unitests.test_classification.test_k_neighbors_coefficient.TestKNeighborsCoefficient" name="test_k_neighbors_coefficient" time="1.660" /><testcase classname="biobb_ml.test.unitests.test_classification.test_logistic_regression.TestLogisticRegression" name="test_logistic_regression" time="1.382" /><testcase classname="biobb_ml.test.unitests.test_classification.test_random_forest_classifier.TestRandomForestClassifier" name="test_random_forest_classifier" time="0.843" /><testcase classname="biobb_ml.test.unitests.test_classification.test_support_vector_machine.TestSupportVectorMachine" name="test_support_vector_machine" time="1.303" /><testcase classname="biobb_ml.test.unitests.test_clustering.test_agglomerative_clustering.TestAgglClustering" name="test_agglomerative_clustering" time="1.104" /><testcase classname="biobb_ml.test.unitests.test_clustering.test_agglomerative_coefficient.TestAgglomerativeCoefficient" name="test_agglomerative_coefficient" time="0.385" /><testcase classname="biobb_ml.test.unitests.test_clustering.test_clustering_predict.TestClusteringPredict" name="test_clustering_predict" time="0.125" /><testcase classname="biobb_ml.test.unitests.test_clustering.test_dbscan.TestDBSCANClustering" name="test_dbscan" time="0.996" /><testcase classname="biobb_ml.test.unitests.test_clustering.test_k_means.TestKMeansClustering" name="test_k_means" time="0.961" /><testcase classname="biobb_ml.test.unitests.test_clustering.test_k_means_coefficient.TestKMeansCoefficient" name="test_k_means_coefficient" time="2.855" /><testcase classname="biobb_ml.test.unitests.test_clustering.test_spectral_clustering.TestSpecClustering" name="test_spectral_clustering" time="1.003" /><testcase classname="biobb_ml.test.unitests.test_clustering.test_spectral_coefficient.TestSpectralCoefficient" name="test_spectral_coefficient" time="0.577" /><testcase classname="biobb_ml.test.unitests.test_dimensionality_reduction.test_pls_components.TestPLSComponents" name="test_pls_components" time="3.027" /><testcase classname="biobb_ml.test.unitests.test_dimensionality_reduction.test_pls_regression.TestPLS_Regression" name="test_pls_regression" time="0.845" /><testcase classname="biobb_ml.test.unitests.test_dimensionality_reduction.test_principal_component.TestPrincipalComponentAnalysis" name="test_principal_component" time="0.379" /><testcase classname="biobb_ml.test.unitests.test_neural_networks.test_autoencoder_neural_network.TestAutoencoderNeuralNetwork" name="test_autoencoder_neural_network" time="5.255" /><testcase classname="biobb_ml.test.unitests.test_neural_networks.test_classification_neural_network.TestClassificationNeuralNetwork" name="test_classification_neural_network" time="3.259" /><testcase classname="biobb_ml.test.unitests.test_neural_networks.test_neural_network_decode.TestDecodingNeuralNetwork" name="test_neural_network_decode" time="0.638" /><testcase classname="biobb_ml.test.unitests.test_neural_networks.test_neural_network_predict.TestPredictNeuralNetwork" name="test_neural_network_predict" time="0.213" /><testcase classname="biobb_ml.test.unitests.test_neural_networks.test_recurrent_neural_network.TestRecurrentNeuralNetwork" name="test_recurrent_neural_network" time="2.630" /><testcase classname="biobb_ml.test.unitests.test_neural_networks.test_regression_neural_network.TestRegressionNeuralNetwork" name="test_regression_neural_network" time="2.357" /><testcase classname="biobb_ml.test.unitests.test_regression.test_linear_regression.TestLinearRegression" name="test_linear_regression" time="0.725" /><testcase classname="biobb_ml.test.unitests.test_regression.test_polynomial_regression.TestPolynomialRegression" name="test_polynomial_regression" time="0.710" /><testcase classname="biobb_ml.test.unitests.test_regression.test_random_forest_regressor.TestRandomForestRegressor" name="test_random_forest_regressor" time="0.728" /><testcase classname="biobb_ml.test.unitests.test_regression.test_regression_predict.TestRegressionPredict" name="test_regression_predict" time="0.117" /><testcase classname="biobb_ml.test.unitests.test_resampling.test_oversampling.TestOversampling" name="test_oversampling" time="15.757" /><testcase classname="biobb_ml.test.unitests.test_resampling.test_resampling.TestResampling" name="test_resampling" time="14.297" /><testcase classname="biobb_ml.test.unitests.test_resampling.test_undersampling.TestUndersampling" name="test_undersampling" time="12.812" /><testcase classname="biobb_ml.test.unitests.test_utils.test_correlation_matrix.TestCorrelationMatrix" name="test_correlation_matrix" time="0.369" /><testcase classname="biobb_ml.test.unitests.test_utils.test_dendrogram.TestDendrogram" name="test_dendrogram" time="0.896" /><testcase classname="biobb_ml.test.unitests.test_utils.test_drop_columns.TestDropColumns" name="test_drop_columns" time="0.286" /><testcase classname="biobb_ml.test.unitests.test_utils.test_dummy_variables.TestDummyVariables" name="test_dummy_variables" time="0.113" /><testcase classname="biobb_ml.test.unitests.test_utils.test_map_variables.TestMapVariables" name="test_map_variables" time="0.112" /><testcase classname="biobb_ml.test.unitests.test_utils.test_pairwise_comparison.TestPairwiseComparison" name="test_pairwise_comparison" time="1.912" /><testcase classname="biobb_ml.test.unitests.test_utils.test_scale_columns.TestScaleColumns" name="test_scale_columns" time="0.271" /></testsuite></testsuites>