<?xml version="1.0" encoding="utf-8"?><testsuites><testsuite errors="0" failures="0" hostname="biobb-runners" name="pytest" skipped="0" tests="38" time="91.996" timestamp="2023-04-24T13:59:17.807941"><testcase classname="biobb_ml.test.unitests.test_classification.test_classification_predict.TestClassificationPredict" name="test_classification_predict" time="0.138" /><testcase classname="biobb_ml.test.unitests.test_classification.test_decision_tree.TestDecisionTree" name="test_decision_tree" time="1.619" /><testcase classname="biobb_ml.test.unitests.test_classification.test_k_neighbors.TestKNeighborsTrain" name="test_k_neighbors" time="1.536" /><testcase classname="biobb_ml.test.unitests.test_classification.test_k_neighbors_coefficient.TestKNeighborsCoefficient" name="test_k_neighbors_coefficient" time="1.663" /><testcase classname="biobb_ml.test.unitests.test_classification.test_logistic_regression.TestLogisticRegression" name="test_logistic_regression" time="1.492" /><testcase classname="biobb_ml.test.unitests.test_classification.test_random_forest_classifier.TestRandomForestClassifier" name="test_random_forest_classifier" time="0.882" /><testcase classname="biobb_ml.test.unitests.test_classification.test_support_vector_machine.TestSupportVectorMachine" name="test_support_vector_machine" time="1.425" /><testcase classname="biobb_ml.test.unitests.test_clustering.test_agglomerative_clustering.TestAgglClustering" name="test_agglomerative_clustering" time="1.288" /><testcase classname="biobb_ml.test.unitests.test_clustering.test_agglomerative_coefficient.TestAgglomerativeCoefficient" name="test_agglomerative_coefficient" time="0.381" /><testcase classname="biobb_ml.test.unitests.test_clustering.test_clustering_predict.TestClusteringPredict" name="test_clustering_predict" time="0.120" /><testcase classname="biobb_ml.test.unitests.test_clustering.test_dbscan.TestDBSCANClustering" name="test_dbscan" time="1.070" /><testcase classname="biobb_ml.test.unitests.test_clustering.test_k_means.TestKMeansClustering" name="test_k_means" time="1.038" /><testcase classname="biobb_ml.test.unitests.test_clustering.test_k_means_coefficient.TestKMeansCoefficient" name="test_k_means_coefficient" time="2.851" /><testcase classname="biobb_ml.test.unitests.test_clustering.test_spectral_clustering.TestSpecClustering" name="test_spectral_clustering" time="1.146" /><testcase classname="biobb_ml.test.unitests.test_clustering.test_spectral_coefficient.TestSpectralCoefficient" name="test_spectral_coefficient" time="0.643" /><testcase classname="biobb_ml.test.unitests.test_dimensionality_reduction.test_pls_components.TestPLSComponents" name="test_pls_components" time="2.850" /><testcase classname="biobb_ml.test.unitests.test_dimensionality_reduction.test_pls_regression.TestPLS_Regression" name="test_pls_regression" time="1.246" /><testcase classname="biobb_ml.test.unitests.test_dimensionality_reduction.test_principal_component.TestPrincipalComponentAnalysis" name="test_principal_component" time="0.429" /><testcase classname="biobb_ml.test.unitests.test_neural_networks.test_autoencoder_neural_network.TestAutoencoderNeuralNetwork" name="test_autoencoder_neural_network" time="5.293" /><testcase classname="biobb_ml.test.unitests.test_neural_networks.test_classification_neural_network.TestClassificationNeuralNetwork" name="test_classification_neural_network" time="3.618" /><testcase classname="biobb_ml.test.unitests.test_neural_networks.test_neural_network_decode.TestDecodingNeuralNetwork" name="test_neural_network_decode" time="0.647" /><testcase classname="biobb_ml.test.unitests.test_neural_networks.test_neural_network_predict.TestPredictNeuralNetwork" name="test_neural_network_predict" time="0.215" /><testcase classname="biobb_ml.test.unitests.test_neural_networks.test_recurrent_neural_network.TestRecurrentNeuralNetwork" name="test_recurrent_neural_network" time="2.951" /><testcase classname="biobb_ml.test.unitests.test_neural_networks.test_regression_neural_network.TestRegressionNeuralNetwork" name="test_regression_neural_network" time="2.216" /><testcase classname="biobb_ml.test.unitests.test_regression.test_linear_regression.TestLinearRegression" name="test_linear_regression" time="1.180" /><testcase classname="biobb_ml.test.unitests.test_regression.test_polynomial_regression.TestPolynomialRegression" name="test_polynomial_regression" time="0.777" /><testcase classname="biobb_ml.test.unitests.test_regression.test_random_forest_regressor.TestRandomForestRegressor" name="test_random_forest_regressor" time="0.808" /><testcase classname="biobb_ml.test.unitests.test_regression.test_regression_predict.TestRegressionPredict" name="test_regression_predict" time="0.121" /><testcase classname="biobb_ml.test.unitests.test_resampling.test_oversampling.TestOversampling" name="test_oversampling" time="15.720" /><testcase classname="biobb_ml.test.unitests.test_resampling.test_resampling.TestResampling" name="test_resampling" time="14.181" /><testcase classname="biobb_ml.test.unitests.test_resampling.test_undersampling.TestUndersampling" name="test_undersampling" time="12.964" /><testcase classname="biobb_ml.test.unitests.test_utils.test_correlation_matrix.TestCorrelationMatrix" name="test_correlation_matrix" time="0.382" /><testcase classname="biobb_ml.test.unitests.test_utils.test_dendrogram.TestDendrogram" name="test_dendrogram" time="0.684" /><testcase classname="biobb_ml.test.unitests.test_utils.test_drop_columns.TestDropColumns" name="test_drop_columns" time="0.666" /><testcase classname="biobb_ml.test.unitests.test_utils.test_dummy_variables.TestDummyVariables" name="test_dummy_variables" time="0.114" /><testcase classname="biobb_ml.test.unitests.test_utils.test_map_variables.TestMapVariables" name="test_map_variables" time="0.112" /><testcase classname="biobb_ml.test.unitests.test_utils.test_pairwise_comparison.TestPairwiseComparison" name="test_pairwise_comparison" time="1.920" /><testcase classname="biobb_ml.test.unitests.test_utils.test_scale_columns.TestScaleColumns" name="test_scale_columns" time="0.262" /></testsuite></testsuites>