<?xml version="1.0" encoding="utf-8"?><testsuites><testsuite name="pytest" errors="0" failures="0" skipped="0" tests="38" time="89.908" timestamp="2023-04-14T14:05:12.962876" hostname="biobb-runners"><testcase classname="biobb_ml.test.unitests.test_classification.test_classification_predict.TestClassificationPredict" name="test_classification_predict" time="0.151" /><testcase classname="biobb_ml.test.unitests.test_classification.test_decision_tree.TestDecisionTree" name="test_decision_tree" time="1.379" /><testcase classname="biobb_ml.test.unitests.test_classification.test_k_neighbors.TestKNeighborsTrain" name="test_k_neighbors" time="1.548" /><testcase classname="biobb_ml.test.unitests.test_classification.test_k_neighbors_coefficient.TestKNeighborsCoefficient" name="test_k_neighbors_coefficient" time="1.761" /><testcase classname="biobb_ml.test.unitests.test_classification.test_logistic_regression.TestLogisticRegression" name="test_logistic_regression" time="1.399" /><testcase classname="biobb_ml.test.unitests.test_classification.test_random_forest_classifier.TestRandomForestClassifier" name="test_random_forest_classifier" time="0.885" /><testcase classname="biobb_ml.test.unitests.test_classification.test_support_vector_machine.TestSupportVectorMachine" name="test_support_vector_machine" time="1.530" /><testcase classname="biobb_ml.test.unitests.test_clustering.test_agglomerative_clustering.TestAgglClustering" name="test_agglomerative_clustering" time="0.995" /><testcase classname="biobb_ml.test.unitests.test_clustering.test_agglomerative_coefficient.TestAgglomerativeCoefficient" name="test_agglomerative_coefficient" time="0.336" /><testcase classname="biobb_ml.test.unitests.test_clustering.test_clustering_predict.TestClusteringPredict" name="test_clustering_predict" time="0.138" /><testcase classname="biobb_ml.test.unitests.test_clustering.test_dbscan.TestDBSCANClustering" name="test_dbscan" time="0.990" /><testcase classname="biobb_ml.test.unitests.test_clustering.test_k_means.TestKMeansClustering" name="test_k_means" time="1.156" /><testcase classname="biobb_ml.test.unitests.test_clustering.test_k_means_coefficient.TestKMeansCoefficient" name="test_k_means_coefficient" time="2.876" /><testcase classname="biobb_ml.test.unitests.test_clustering.test_spectral_clustering.TestSpecClustering" name="test_spectral_clustering" time="1.038" /><testcase classname="biobb_ml.test.unitests.test_clustering.test_spectral_coefficient.TestSpectralCoefficient" name="test_spectral_coefficient" time="0.626" /><testcase classname="biobb_ml.test.unitests.test_dimensionality_reduction.test_pls_components.TestPLSComponents" name="test_pls_components" time="2.562" /><testcase classname="biobb_ml.test.unitests.test_dimensionality_reduction.test_pls_regression.TestPLS_Regression" name="test_pls_regression" time="0.879" /><testcase classname="biobb_ml.test.unitests.test_dimensionality_reduction.test_principal_component.TestPrincipalComponentAnalysis" name="test_principal_component" time="0.397" /><testcase classname="biobb_ml.test.unitests.test_neural_networks.test_autoencoder_neural_network.TestAutoencoderNeuralNetwork" name="test_autoencoder_neural_network" time="5.529" /><testcase classname="biobb_ml.test.unitests.test_neural_networks.test_classification_neural_network.TestClassificationNeuralNetwork" name="test_classification_neural_network" time="3.101" /><testcase classname="biobb_ml.test.unitests.test_neural_networks.test_neural_network_decode.TestDecodingNeuralNetwork" name="test_neural_network_decode" time="0.670" /><testcase classname="biobb_ml.test.unitests.test_neural_networks.test_neural_network_predict.TestPredictNeuralNetwork" name="test_neural_network_predict" time="0.236" /><testcase classname="biobb_ml.test.unitests.test_neural_networks.test_recurrent_neural_network.TestRecurrentNeuralNetwork" name="test_recurrent_neural_network" time="3.038" /><testcase classname="biobb_ml.test.unitests.test_neural_networks.test_regression_neural_network.TestRegressionNeuralNetwork" name="test_regression_neural_network" time="2.200" /><testcase classname="biobb_ml.test.unitests.test_regression.test_linear_regression.TestLinearRegression" name="test_linear_regression" time="0.773" /><testcase classname="biobb_ml.test.unitests.test_regression.test_polynomial_regression.TestPolynomialRegression" name="test_polynomial_regression" time="0.758" /><testcase classname="biobb_ml.test.unitests.test_regression.test_random_forest_regressor.TestRandomForestRegressor" name="test_random_forest_regressor" time="0.775" /><testcase classname="biobb_ml.test.unitests.test_regression.test_regression_predict.TestRegressionPredict" name="test_regression_predict" time="0.432" /><testcase classname="biobb_ml.test.unitests.test_resampling.test_oversampling.TestOversampling" name="test_oversampling" time="15.715" /><testcase classname="biobb_ml.test.unitests.test_resampling.test_resampling.TestResampling" name="test_resampling" time="14.299" /><testcase classname="biobb_ml.test.unitests.test_resampling.test_undersampling.TestUndersampling" name="test_undersampling" time="13.174" /><testcase classname="biobb_ml.test.unitests.test_utils.test_correlation_matrix.TestCorrelationMatrix" name="test_correlation_matrix" time="0.397" /><testcase classname="biobb_ml.test.unitests.test_utils.test_dendrogram.TestDendrogram" name="test_dendrogram" time="0.630" /><testcase classname="biobb_ml.test.unitests.test_utils.test_drop_columns.TestDropColumns" name="test_drop_columns" time="0.314" /><testcase classname="biobb_ml.test.unitests.test_utils.test_dummy_variables.TestDummyVariables" name="test_dummy_variables" time="0.133" /><testcase classname="biobb_ml.test.unitests.test_utils.test_map_variables.TestMapVariables" name="test_map_variables" time="0.133" /><testcase classname="biobb_ml.test.unitests.test_utils.test_pairwise_comparison.TestPairwiseComparison" name="test_pairwise_comparison" time="2.002" /><testcase classname="biobb_ml.test.unitests.test_utils.test_scale_columns.TestScaleColumns" name="test_scale_columns" time="0.569" /></testsuite></testsuites>