<?xml version="1.0" encoding="utf-8"?><testsuites><testsuite name="pytest" errors="0" failures="0" skipped="0" tests="38" time="93.727" timestamp="2024-05-07T09:37:40.358942" hostname="biobb-runners"><testcase classname="biobb_ml.test.unitests.test_classification.test_classification_predict.TestClassificationPredict" name="test_classification_predict" time="0.152" /><testcase classname="biobb_ml.test.unitests.test_classification.test_decision_tree.TestDecisionTree" name="test_decision_tree" time="1.480" /><testcase classname="biobb_ml.test.unitests.test_classification.test_k_neighbors.TestKNeighborsTrain" name="test_k_neighbors" time="1.678" /><testcase classname="biobb_ml.test.unitests.test_classification.test_k_neighbors_coefficient.TestKNeighborsCoefficient" name="test_k_neighbors_coefficient" time="1.661" /><testcase classname="biobb_ml.test.unitests.test_classification.test_logistic_regression.TestLogisticRegression" name="test_logistic_regression" time="1.456" /><testcase classname="biobb_ml.test.unitests.test_classification.test_random_forest_classifier.TestRandomForestClassifier" name="test_random_forest_classifier" time="0.878" /><testcase classname="biobb_ml.test.unitests.test_classification.test_support_vector_machine.TestSupportVectorMachine" name="test_support_vector_machine" time="1.389" /><testcase classname="biobb_ml.test.unitests.test_clustering.test_agglomerative_clustering.TestAgglClustering" name="test_agglomerative_clustering" time="1.174" /><testcase classname="biobb_ml.test.unitests.test_clustering.test_agglomerative_coefficient.TestAgglomerativeCoefficient" name="test_agglomerative_coefficient" time="0.318" /><testcase classname="biobb_ml.test.unitests.test_clustering.test_clustering_predict.TestClusteringPredict" name="test_clustering_predict" time="0.140" /><testcase classname="biobb_ml.test.unitests.test_clustering.test_dbscan.TestDBSCANClustering" name="test_dbscan" time="1.097" /><testcase classname="biobb_ml.test.unitests.test_clustering.test_k_means.TestKMeansClustering" name="test_k_means" time="0.951" /><testcase classname="biobb_ml.test.unitests.test_clustering.test_k_means_coefficient.TestKMeansCoefficient" name="test_k_means_coefficient" time="2.810" /><testcase classname="biobb_ml.test.unitests.test_clustering.test_spectral_clustering.TestSpecClustering" name="test_spectral_clustering" time="1.240" /><testcase classname="biobb_ml.test.unitests.test_clustering.test_spectral_coefficient.TestSpectralCoefficient" name="test_spectral_coefficient" time="0.609" /><testcase classname="biobb_ml.test.unitests.test_dimensionality_reduction.test_pls_components.TestPLSComponents" name="test_pls_components" time="2.659" /><testcase classname="biobb_ml.test.unitests.test_dimensionality_reduction.test_pls_regression.TestPLS_Regression" name="test_pls_regression" time="0.869" /><testcase classname="biobb_ml.test.unitests.test_dimensionality_reduction.test_principal_component.TestPrincipalComponentAnalysis" name="test_principal_component" time="0.392" /><testcase classname="biobb_ml.test.unitests.test_neural_networks.test_autoencoder_neural_network.TestAutoencoderNeuralNetwork" name="test_autoencoder_neural_network" time="5.345" /><testcase classname="biobb_ml.test.unitests.test_neural_networks.test_classification_neural_network.TestClassificationNeuralNetwork" name="test_classification_neural_network" time="2.957" /><testcase classname="biobb_ml.test.unitests.test_neural_networks.test_neural_network_decode.TestDecodingNeuralNetwork" name="test_neural_network_decode" time="0.674" /><testcase classname="biobb_ml.test.unitests.test_neural_networks.test_neural_network_predict.TestPredictNeuralNetwork" name="test_neural_network_predict" time="0.226" /><testcase classname="biobb_ml.test.unitests.test_neural_networks.test_recurrent_neural_network.TestRecurrentNeuralNetwork" name="test_recurrent_neural_network" time="2.540" /><testcase classname="biobb_ml.test.unitests.test_neural_networks.test_regression_neural_network.TestRegressionNeuralNetwork" name="test_regression_neural_network" time="2.653" /><testcase classname="biobb_ml.test.unitests.test_regression.test_linear_regression.TestLinearRegression" name="test_linear_regression" time="0.760" /><testcase classname="biobb_ml.test.unitests.test_regression.test_polynomial_regression.TestPolynomialRegression" name="test_polynomial_regression" time="0.736" /><testcase classname="biobb_ml.test.unitests.test_regression.test_random_forest_regressor.TestRandomForestRegressor" name="test_random_forest_regressor" time="0.773" /><testcase classname="biobb_ml.test.unitests.test_regression.test_regression_predict.TestRegressionPredict" name="test_regression_predict" time="0.137" /><testcase classname="biobb_ml.test.unitests.test_resampling.test_oversampling.TestOversampling" name="test_oversampling" time="16.482" /><testcase classname="biobb_ml.test.unitests.test_resampling.test_resampling.TestResampling" name="test_resampling" time="14.733" /><testcase classname="biobb_ml.test.unitests.test_resampling.test_undersampling.TestUndersampling" name="test_undersampling" time="13.517" /><testcase classname="biobb_ml.test.unitests.test_utils.test_correlation_matrix.TestCorrelationMatrix" name="test_correlation_matrix" time="0.397" /><testcase classname="biobb_ml.test.unitests.test_utils.test_dendrogram.TestDendrogram" name="test_dendrogram" time="0.914" /><testcase classname="biobb_ml.test.unitests.test_utils.test_drop_columns.TestDropColumns" name="test_drop_columns" time="0.317" /><testcase classname="biobb_ml.test.unitests.test_utils.test_dummy_variables.TestDummyVariables" name="test_dummy_variables" time="0.132" /><testcase classname="biobb_ml.test.unitests.test_utils.test_map_variables.TestMapVariables" name="test_map_variables" time="0.130" /><testcase classname="biobb_ml.test.unitests.test_utils.test_pairwise_comparison.TestPairwiseComparison" name="test_pairwise_comparison" time="1.935" /><testcase classname="biobb_ml.test.unitests.test_utils.test_scale_columns.TestScaleColumns" name="test_scale_columns" time="0.301" /></testsuite></testsuites>